{
  "RSpec": {
    "coverage": {
      "C:/Users/xueyu/git/CS692/CS692/RomanNumeral.rb": [
        1,
        null,
        1,
        null,
        1,
        1,
        null,
        1,
        6,
        3,
        3,
        3,
        null,
        null,
        null,
        1,
        3,
        1,
        null,
        2,
        0,
        null,
        2,
        null,
        null,
        1,
        3,
        0,
        null,
        3,
        3,
        3,
        3,
        6,
        6,
        null,
        6,
        1,
        null,
        null,
        5,
        5,
        2,
        null,
        null,
        3,
        null,
        3,
        0,
        0,
        null,
        3,
        null,
        null,
        null,
        null,
        2,
        0,
        null,
        null,
        2,
        null,
        null,
        1,
        9,
        null,
        0,
        null,
        0,
        null,
        6,
        null,
        0,
        null,
        1,
        null,
        0,
        null,
        0,
        null,
        2,
        null,
        null,
        null,
        1,
        2,
        2,
        2,
        26,
        2,
        2,
        null,
        null,
        2,
        null,
        null,
        1,
        1,
        null,
        null,
        1,
        1,
        1,
        null,
        null,
        null
      ]
    },
    "timestamp": 1512262049
  }
}
